CRITICAL - 2020-05-09 16:36:20 --> Call to undefined function form_open()
#0 C:\xampp\htdocs\yt\ci4-basecontroller\system\View\View.php(246): include()
#1 C:\xampp\htdocs\yt\ci4-basecontroller\system\Common.php(1087): CodeIgniter\View\View->render('form', Array, true)
#2 C:\xampp\htdocs\yt\ci4-basecontroller\app\Controllers\Home.php(7): view('form')
#3 C:\xampp\htdocs\yt\ci4-basecontroller\system\CodeIgniter.php(914): App\Controllers\Home->index()
#4 C:\xampp\htdocs\yt\ci4-basecontroller\system\CodeIgniter.php(400): CodeIgniter\CodeIgniter->runController(Object(App\Controllers\Home))
#5 C:\xampp\htdocs\yt\ci4-basecontroller\system\CodeIgniter.php(308): CodeIgniter\CodeIgniter->handleRequest(NULL, Object(Config\Cache), false)
#6 C:\xampp\htdocs\yt\ci4-basecontroller\public\index.php(45): CodeIgniter\CodeIgniter->run()
#7 C:\xampp\htdocs\yt\ci4-basecontroller\system\Commands\Server\rewrite.php(34): require_once('C:\\xampp\\htdocs...')
#8 {main}
CRITICAL - 2020-05-09 16:36:32 --> Call to undefined function form_open()
#0 C:\xampp\htdocs\yt\ci4-basecontroller\system\View\View.php(246): include()
#1 C:\xampp\htdocs\yt\ci4-basecontroller\system\Common.php(1087): CodeIgniter\View\View->render('form', Array, true)
#2 C:\xampp\htdocs\yt\ci4-basecontroller\app\Controllers\Home.php(7): view('form')
#3 C:\xampp\htdocs\yt\ci4-basecontroller\system\CodeIgniter.php(914): App\Controllers\Home->index()
#4 C:\xampp\htdocs\yt\ci4-basecontroller\system\CodeIgniter.php(400): CodeIgniter\CodeIgniter->runController(Object(App\Controllers\Home))
#5 C:\xampp\htdocs\yt\ci4-basecontroller\system\CodeIgniter.php(308): CodeIgniter\CodeIgniter->handleRequest(NULL, Object(Config\Cache), false)
#6 C:\xampp\htdocs\yt\ci4-basecontroller\public\index.php(45): CodeIgniter\CodeIgniter->run()
#7 C:\xampp\htdocs\yt\ci4-basecontroller\system\Commands\Server\rewrite.php(34): require_once('C:\\xampp\\htdocs...')
#8 {main}
CRITICAL - 2020-05-09 16:39:22 --> Call to undefined function number_to_size()
#0 C:\xampp\htdocs\yt\ci4-basecontroller\system\View\View.php(246): include()
#1 C:\xampp\htdocs\yt\ci4-basecontroller\system\Common.php(1087): CodeIgniter\View\View->render('number', Array, true)
#2 C:\xampp\htdocs\yt\ci4-basecontroller\app\Controllers\Home.php(12): view('number')
#3 C:\xampp\htdocs\yt\ci4-basecontroller\system\CodeIgniter.php(914): App\Controllers\Home->number()
#4 C:\xampp\htdocs\yt\ci4-basecontroller\system\CodeIgniter.php(400): CodeIgniter\CodeIgniter->runController(Object(App\Controllers\Home))
#5 C:\xampp\htdocs\yt\ci4-basecontroller\system\CodeIgniter.php(308): CodeIgniter\CodeIgniter->handleRequest(NULL, Object(Config\Cache), false)
#6 C:\xampp\htdocs\yt\ci4-basecontroller\public\index.php(45): CodeIgniter\CodeIgniter->run()
#7 C:\xampp\htdocs\yt\ci4-basecontroller\system\Commands\Server\rewrite.php(34): require_once('C:\\xampp\\htdocs...')
#8 {main}
CRITICAL - 2020-05-09 16:41:02 --> Call to undefined function number_to_size()
#0 C:\xampp\htdocs\yt\ci4-basecontroller\system\View\View.php(246): include()
#1 C:\xampp\htdocs\yt\ci4-basecontroller\system\Common.php(1087): CodeIgniter\View\View->render('number', Array, true)
#2 C:\xampp\htdocs\yt\ci4-basecontroller\app\Controllers\Home.php(13): view('number')
#3 C:\xampp\htdocs\yt\ci4-basecontroller\system\CodeIgniter.php(914): App\Controllers\Home->number()
#4 C:\xampp\htdocs\yt\ci4-basecontroller\system\CodeIgniter.php(400): CodeIgniter\CodeIgniter->runController(Object(App\Controllers\Home))
#5 C:\xampp\htdocs\yt\ci4-basecontroller\system\CodeIgniter.php(308): CodeIgniter\CodeIgniter->handleRequest(NULL, Object(Config\Cache), false)
#6 C:\xampp\htdocs\yt\ci4-basecontroller\public\index.php(45): CodeIgniter\CodeIgniter->run()
#7 C:\xampp\htdocs\yt\ci4-basecontroller\system\Commands\Server\rewrite.php(34): require_once('C:\\xampp\\htdocs...')
#8 {main}
CRITICAL - 2020-05-09 16:42:03 --> Call to undefined function form_open()
#0 C:\xampp\htdocs\yt\ci4-basecontroller\system\View\View.php(246): include()
#1 C:\xampp\htdocs\yt\ci4-basecontroller\system\Common.php(1087): CodeIgniter\View\View->render('form', Array, true)
#2 C:\xampp\htdocs\yt\ci4-basecontroller\app\Controllers\Inicio.php(9): view('form')
#3 C:\xampp\htdocs\yt\ci4-basecontroller\system\CodeIgniter.php(914): App\Controllers\Inicio->index()
#4 C:\xampp\htdocs\yt\ci4-basecontroller\system\CodeIgniter.php(400): CodeIgniter\CodeIgniter->runController(Object(App\Controllers\Inicio))
#5 C:\xampp\htdocs\yt\ci4-basecontroller\system\CodeIgniter.php(308): CodeIgniter\CodeIgniter->handleRequest(NULL, Object(Config\Cache), false)
#6 C:\xampp\htdocs\yt\ci4-basecontroller\public\index.php(45): CodeIgniter\CodeIgniter->run()
#7 C:\xampp\htdocs\yt\ci4-basecontroller\system\Commands\Server\rewrite.php(34): require_once('C:\\xampp\\htdocs...')
#8 {main}
CRITICAL - 2020-05-09 16:42:33 --> Invalid file: form.php
#0 C:\xampp\htdocs\yt\ci4-basecontroller\system\View\View.php(228): CodeIgniter\Exceptions\FrameworkException::forInvalidFile('form.php')
#1 C:\xampp\htdocs\yt\ci4-basecontroller\system\Common.php(1087): CodeIgniter\View\View->render('form', Array, true)
#2 C:\xampp\htdocs\yt\ci4-basecontroller\app\Controllers\Inicio.php(9): view('form')
#3 C:\xampp\htdocs\yt\ci4-basecontroller\system\CodeIgniter.php(914): App\Controllers\Inicio->index()
#4 C:\xampp\htdocs\yt\ci4-basecontroller\system\CodeIgniter.php(400): CodeIgniter\CodeIgniter->runController(Object(App\Controllers\Inicio))
#5 C:\xampp\htdocs\yt\ci4-basecontroller\system\CodeIgniter.php(308): CodeIgniter\CodeIgniter->handleRequest(NULL, Object(Config\Cache), false)
#6 C:\xampp\htdocs\yt\ci4-basecontroller\public\index.php(45): CodeIgniter\CodeIgniter->run()
#7 C:\xampp\htdocs\yt\ci4-basecontroller\system\Commands\Server\rewrite.php(34): require_once('C:\\xampp\\htdocs...')
#8 {main}
CRITICAL - 2020-05-09 16:50:31 --> Call to undefined function random_string()
#0 C:\xampp\htdocs\yt\ci4-basecontroller\system\View\View.php(246): include()
#1 C:\xampp\htdocs\yt\ci4-basecontroller\system\Common.php(1087): CodeIgniter\View\View->render('text', Array, true)
#2 C:\xampp\htdocs\yt\ci4-basecontroller\app\Controllers\Home.php(7): view('text')
#3 C:\xampp\htdocs\yt\ci4-basecontroller\system\CodeIgniter.php(914): App\Controllers\Home->index()
#4 C:\xampp\htdocs\yt\ci4-basecontroller\system\CodeIgniter.php(400): CodeIgniter\CodeIgniter->runController(Object(App\Controllers\Home))
#5 C:\xampp\htdocs\yt\ci4-basecontroller\system\CodeIgniter.php(308): CodeIgniter\CodeIgniter->handleRequest(NULL, Object(Config\Cache), false)
#6 C:\xampp\htdocs\yt\ci4-basecontroller\public\index.php(45): CodeIgniter\CodeIgniter->run()
#7 C:\xampp\htdocs\yt\ci4-basecontroller\system\Commands\Server\rewrite.php(34): require_once('C:\\xampp\\htdocs...')
#8 {main}
CRITICAL - 2020-05-09 16:51:55 --> Call to undefined function number_to_size()
#0 C:\xampp\htdocs\yt\ci4-basecontroller\system\View\View.php(246): include()
#1 C:\xampp\htdocs\yt\ci4-basecontroller\system\Common.php(1087): CodeIgniter\View\View->render('number', Array, true)
#2 C:\xampp\htdocs\yt\ci4-basecontroller\app\Controllers\Home.php(13): view('number')
#3 C:\xampp\htdocs\yt\ci4-basecontroller\system\CodeIgniter.php(914): App\Controllers\Home->number()
#4 C:\xampp\htdocs\yt\ci4-basecontroller\system\CodeIgniter.php(400): CodeIgniter\CodeIgniter->runController(Object(App\Controllers\Home))
#5 C:\xampp\htdocs\yt\ci4-basecontroller\system\CodeIgniter.php(308): CodeIgniter\CodeIgniter->handleRequest(NULL, Object(Config\Cache), false)
#6 C:\xampp\htdocs\yt\ci4-basecontroller\public\index.php(45): CodeIgniter\CodeIgniter->run()
#7 C:\xampp\htdocs\yt\ci4-basecontroller\system\Commands\Server\rewrite.php(34): require_once('C:\\xampp\\htdocs...')
#8 {main}
CRITICAL - 2020-05-09 16:53:19 --> Call to undefined function number_to_size()
#0 C:\xampp\htdocs\yt\ci4-basecontroller\system\View\View.php(246): include()
#1 C:\xampp\htdocs\yt\ci4-basecontroller\system\Common.php(1087): CodeIgniter\View\View->render('number', Array, true)
#2 C:\xampp\htdocs\yt\ci4-basecontroller\app\Controllers\Home.php(14): view('number')
#3 C:\xampp\htdocs\yt\ci4-basecontroller\system\CodeIgniter.php(914): App\Controllers\Home->number()
#4 C:\xampp\htdocs\yt\ci4-basecontroller\system\CodeIgniter.php(400): CodeIgniter\CodeIgniter->runController(Object(App\Controllers\Home))
#5 C:\xampp\htdocs\yt\ci4-basecontroller\system\CodeIgniter.php(308): CodeIgniter\CodeIgniter->handleRequest(NULL, Object(Config\Cache), false)
#6 C:\xampp\htdocs\yt\ci4-basecontroller\public\index.php(45): CodeIgniter\CodeIgniter->run()
#7 C:\xampp\htdocs\yt\ci4-basecontroller\system\Commands\Server\rewrite.php(34): require_once('C:\\xampp\\htdocs...')
#8 {main}
CRITICAL - 2020-05-09 16:54:07 --> Call to undefined function random_string()
#0 C:\xampp\htdocs\yt\ci4-basecontroller\system\View\View.php(246): include()
#1 C:\xampp\htdocs\yt\ci4-basecontroller\system\Common.php(1087): CodeIgniter\View\View->render('text', Array, true)
#2 C:\xampp\htdocs\yt\ci4-basecontroller\app\Controllers\Inicio.php(10): view('text')
#3 C:\xampp\htdocs\yt\ci4-basecontroller\system\CodeIgniter.php(914): App\Controllers\Inicio->index()
#4 C:\xampp\htdocs\yt\ci4-basecontroller\system\CodeIgniter.php(400): CodeIgniter\CodeIgniter->runController(Object(App\Controllers\Inicio))
#5 C:\xampp\htdocs\yt\ci4-basecontroller\system\CodeIgniter.php(308): CodeIgniter\CodeIgniter->handleRequest(NULL, Object(Config\Cache), false)
#6 C:\xampp\htdocs\yt\ci4-basecontroller\public\index.php(45): CodeIgniter\CodeIgniter->run()
#7 C:\xampp\htdocs\yt\ci4-basecontroller\system\Commands\Server\rewrite.php(34): require_once('C:\\xampp\\htdocs...')
#8 {main}
CRITICAL - 2020-05-09 16:54:17 --> Call to undefined function number_to_size()
#0 C:\xampp\htdocs\yt\ci4-basecontroller\system\View\View.php(246): include()
#1 C:\xampp\htdocs\yt\ci4-basecontroller\system\Common.php(1087): CodeIgniter\View\View->render('number', Array, true)
#2 C:\xampp\htdocs\yt\ci4-basecontroller\app\Controllers\Inicio.php(16): view('number')
#3 C:\xampp\htdocs\yt\ci4-basecontroller\system\CodeIgniter.php(914): App\Controllers\Inicio->number()
#4 C:\xampp\htdocs\yt\ci4-basecontroller\system\CodeIgniter.php(400): CodeIgniter\CodeIgniter->runController(Object(App\Controllers\Inicio))
#5 C:\xampp\htdocs\yt\ci4-basecontroller\system\CodeIgniter.php(308): CodeIgniter\CodeIgniter->handleRequest(NULL, Object(Config\Cache), false)
#6 C:\xampp\htdocs\yt\ci4-basecontroller\public\index.php(45): CodeIgniter\CodeIgniter->run()
#7 C:\xampp\htdocs\yt\ci4-basecontroller\system\Commands\Server\rewrite.php(34): require_once('C:\\xampp\\htdocs...')
#8 {main}
