CRITICAL - 2020-05-16 18:30:55 --> Call to undefined function form_open_multipart()
#0 C:\xampp\htdocs\yt\ci4-imagecrop\system\View\View.php(246): include()
#1 C:\xampp\htdocs\yt\ci4-imagecrop\system\Common.php(1087): CodeIgniter\View\View->render('cropper', Array, true)
#2 C:\xampp\htdocs\yt\ci4-imagecrop\app\Controllers\Home.php(8): view('cropper')
#3 C:\xampp\htdocs\yt\ci4-imagecrop\system\CodeIgniter.php(914): App\Controllers\Home->index()
#4 C:\xampp\htdocs\yt\ci4-imagecrop\system\CodeIgniter.php(400): CodeIgniter\CodeIgniter->runController(Object(App\Controllers\Home))
#5 C:\xampp\htdocs\yt\ci4-imagecrop\system\CodeIgniter.php(308): CodeIgniter\CodeIgniter->handleRequest(NULL, Object(Config\Cache), false)
#6 C:\xampp\htdocs\yt\ci4-imagecrop\public\index.php(45): CodeIgniter\CodeIgniter->run()
#7 C:\xampp\htdocs\yt\ci4-imagecrop\system\Commands\Server\rewrite.php(34): require_once('C:\\xampp\\htdocs...')
#8 {main}
CRITICAL - 2020-05-16 18:35:06 --> Call to undefined function form_open_multipart()
#0 C:\xampp\htdocs\yt\ci4-imagecrop\system\View\View.php(246): include()
#1 C:\xampp\htdocs\yt\ci4-imagecrop\system\Common.php(1087): CodeIgniter\View\View->render('cropper', Array, true)
#2 C:\xampp\htdocs\yt\ci4-imagecrop\app\Controllers\Home.php(15): view('cropper', Array)
#3 C:\xampp\htdocs\yt\ci4-imagecrop\system\CodeIgniter.php(914): App\Controllers\Home->upload()
#4 C:\xampp\htdocs\yt\ci4-imagecrop\system\CodeIgniter.php(400): CodeIgniter\CodeIgniter->runController(Object(App\Controllers\Home))
#5 C:\xampp\htdocs\yt\ci4-imagecrop\system\CodeIgniter.php(308): CodeIgniter\CodeIgniter->handleRequest(NULL, Object(Config\Cache), false)
#6 C:\xampp\htdocs\yt\ci4-imagecrop\public\index.php(45): CodeIgniter\CodeIgniter->run()
#7 C:\xampp\htdocs\yt\ci4-imagecrop\system\Commands\Server\rewrite.php(34): require_once('C:\\xampp\\htdocs...')
#8 {main}
